Started GET "/" for 127.0.0.1 at 2019-03-04 09:49:32 -0800
  
ActiveRecord::NoDatabaseError (FATAL:  database "cool_ideas_development" does not exist
):
  
activerecord (5.2.2) lib/active_record/connection_adapters/postgresql_adapter.rb:696:in `rescue in connect'
activerecord (5.2.2) lib/active_record/connection_adapters/postgresql_adapter.rb:691:in `connect'
activerecord (5.2.2) lib/active_record/connection_adapters/postgresql_adapter.rb:223:in `initialize'
activerecord (5.2.2) lib/active_record/connection_adapters/postgresql_adapter.rb:48:in `new'
activerecord (5.2.2) lib/active_record/connection_adapters/postgresql_adapter.rb:48:in `postgresql_connection'
activerecord (5.2.2) lib/active_record/connection_adapters/abstract/connection_pool.rb:811:in `new_connection'
activerecord (5.2.2) lib/active_record/connection_adapters/abstract/connection_pool.rb:855:in `checkout_new_connection'
activerecord (5.2.2) lib/active_record/connection_adapters/abstract/connection_pool.rb:834:in `try_to_checkout_new_connection'
activerecord (5.2.2) lib/active_record/connection_adapters/abstract/connection_pool.rb:795:in `acquire_connection'
activerecord (5.2.2) lib/active_record/connection_adapters/abstract/connection_pool.rb:523:in `checkout'
activerecord (5.2.2) lib/active_record/connection_adapters/abstract/connection_pool.rb:382:in `connection'
activerecord (5.2.2) lib/active_record/connection_adapters/abstract/connection_pool.rb:1010:in `retrieve_connection'
activerecord (5.2.2) lib/active_record/connection_handling.rb:118:in `retrieve_connection'
activerecord (5.2.2) lib/active_record/connection_handling.rb:90:in `connection'
activerecord (5.2.2) lib/active_record/migration.rb:554:in `call'
actionpack (5.2.2) lib/action_dispatch/middleware/callbacks.rb:28:in `block in call'
activesupport (5.2.2) lib/active_support/callbacks.rb:98:in `run_callbacks'
actionpack (5.2.2) lib/action_dispatch/middleware/callbacks.rb:26:in `call'
actionpack (5.2.2) lib/action_dispatch/middleware/executor.rb:14:in `call'
actionpack (5.2.2) lib/action_dispatch/middleware/debug_exceptions.rb:61:in `call'
web-console (3.7.0) lib/web_console/middleware.rb:135:in `call_app'
web-console (3.7.0) lib/web_console/middleware.rb:30:in `block in call'
web-console (3.7.0) lib/web_console/middleware.rb:20:in `catch'
web-console (3.7.0) lib/web_console/middleware.rb:20:in `call'
actionpack (5.2.2) lib/action_dispatch/middleware/show_exceptions.rb:33:in `call'
railties (5.2.2) lib/rails/rack/logger.rb:38:in `call_app'
railties (5.2.2) lib/rails/rack/logger.rb:26:in `block in call'
activesupport (5.2.2) lib/active_support/tagged_logging.rb:71:in `block in tagged'
activesupport (5.2.2) lib/active_support/tagged_logging.rb:28:in `tagged'
activesupport (5.2.2) lib/active_support/tagged_logging.rb:71:in `tagged'
railties (5.2.2) lib/rails/rack/logger.rb:26:in `call'
sprockets-rails (3.2.1) lib/sprockets/rails/quiet_assets.rb:13:in `call'
actionpack (5.2.2) lib/action_dispatch/middleware/remote_ip.rb:81:in `call'
actionpack (5.2.2) lib/action_dispatch/middleware/request_id.rb:27:in `call'
rack (2.0.6) lib/rack/method_override.rb:22:in `call'
rack (2.0.6) lib/rack/runtime.rb:22:in `call'
activesupport (5.2.2) lib/active_support/cache/strategy/local_cache_middleware.rb:29:in `call'
actionpack (5.2.2) lib/action_dispatch/middleware/executor.rb:14:in `call'
actionpack (5.2.2) lib/action_dispatch/middleware/static.rb:127:in `call'
rack (2.0.6) lib/rack/sendfile.rb:111:in `call'
railties (5.2.2) lib/rails/engine.rb:524:in `call'
puma (3.12.0) lib/puma/configuration.rb:225:in `call'
puma (3.12.0) lib/puma/server.rb:658:in `handle_request'
puma (3.12.0) lib/puma/server.rb:472:in `process_client'
puma (3.12.0) lib/puma/server.rb:332:in `block in run'
puma (3.12.0) lib/puma/thread_pool.rb:133:in `block in spawn_thread'
  [1m[35m (398.1ms)[0m  [1m[35mCREATE DATABASE "cool_ideas_development" ENCODING = 'unicode'[0m
  ↳ /Users/kyle/.rvm/rubies/ruby-2.6.0/lib/ruby/gems/2.6.0/gems/rake-12.3.2/lib/rake/task.rb:273
  [1m[35m (405.4ms)[0m  [1m[35mCREATE DATABASE "cool_ideas_test" ENCODING = 'unicode'[0m
  ↳ /Users/kyle/.rvm/rubies/ruby-2.6.0/lib/ruby/gems/2.6.0/gems/rake-12.3.2/lib/rake/task.rb:273
Started GET "/" for 127.0.0.1 at 2019-03-04 09:49:46 -0800
  
ActiveRecord::PendingMigrationError (

Migrations are pending. To resolve this issue, run:

        bin/rails db:migrate RAILS_ENV=development

):
  
activerecord (5.2.2) lib/active_record/migration.rb:579:in `check_pending!'
activerecord (5.2.2) lib/active_record/migration.rb:556:in `call'
actionpack (5.2.2) lib/action_dispatch/middleware/callbacks.rb:28:in `block in call'
activesupport (5.2.2) lib/active_support/callbacks.rb:98:in `run_callbacks'
actionpack (5.2.2) lib/action_dispatch/middleware/callbacks.rb:26:in `call'
actionpack (5.2.2) lib/action_dispatch/middleware/executor.rb:14:in `call'
actionpack (5.2.2) lib/action_dispatch/middleware/debug_exceptions.rb:61:in `call'
web-console (3.7.0) lib/web_console/middleware.rb:135:in `call_app'
web-console (3.7.0) lib/web_console/middleware.rb:30:in `block in call'
web-console (3.7.0) lib/web_console/middleware.rb:20:in `catch'
web-console (3.7.0) lib/web_console/middleware.rb:20:in `call'
actionpack (5.2.2) lib/action_dispatch/middleware/show_exceptions.rb:33:in `call'
railties (5.2.2) lib/rails/rack/logger.rb:38:in `call_app'
railties (5.2.2) lib/rails/rack/logger.rb:26:in `block in call'
activesupport (5.2.2) lib/active_support/tagged_logging.rb:71:in `block in tagged'
activesupport (5.2.2) lib/active_support/tagged_logging.rb:28:in `tagged'
activesupport (5.2.2) lib/active_support/tagged_logging.rb:71:in `tagged'
railties (5.2.2) lib/rails/rack/logger.rb:26:in `call'
sprockets-rails (3.2.1) lib/sprockets/rails/quiet_assets.rb:13:in `call'
actionpack (5.2.2) lib/action_dispatch/middleware/remote_ip.rb:81:in `call'
actionpack (5.2.2) lib/action_dispatch/middleware/request_id.rb:27:in `call'
rack (2.0.6) lib/rack/method_override.rb:22:in `call'
rack (2.0.6) lib/rack/runtime.rb:22:in `call'
activesupport (5.2.2) lib/active_support/cache/strategy/local_cache_middleware.rb:29:in `call'
actionpack (5.2.2) lib/action_dispatch/middleware/executor.rb:14:in `call'
actionpack (5.2.2) lib/action_dispatch/middleware/static.rb:127:in `call'
rack (2.0.6) lib/rack/sendfile.rb:111:in `call'
railties (5.2.2) lib/rails/engine.rb:524:in `call'
puma (3.12.0) lib/puma/configuration.rb:225:in `call'
puma (3.12.0) lib/puma/server.rb:658:in `handle_request'
puma (3.12.0) lib/puma/server.rb:472:in `process_client'
puma (3.12.0) lib/puma/server.rb:332:in `block in run'
puma (3.12.0) lib/puma/thread_pool.rb:133:in `block in spawn_thread'
  [1m[35m (5.1ms)[0m  [1m[35mCREATE TABLE "schema_migrations" ("version" character varying NOT NULL PRIMARY KEY)[0m
  ↳ /Users/kyle/.rvm/rubies/ruby-2.6.0/lib/ruby/gems/2.6.0/gems/rake-12.3.2/lib/rake/task.rb:273
  [1m[35m (4.3ms)[0m  [1m[35mCREATE TABLE "ar_internal_metadata" ("key" character varying NOT NULL PRIMARY KEY, "value" character varying, "created_at" timestamp NOT NULL, "updated_at" timestamp NOT NULL)[0m
  ↳ /Users/kyle/.rvm/rubies/ruby-2.6.0/lib/ruby/gems/2.6.0/gems/rake-12.3.2/lib/rake/task.rb:273
  [1m[35m (0.2ms)[0m  [1m[34mSELECT pg_try_advisory_lock(2066416156390533885)[0m
  ↳ /Users/kyle/.rvm/rubies/ruby-2.6.0/lib/ruby/gems/2.6.0/gems/rake-12.3.2/lib/rake/task.rb:273
  [1m[35m (0.4ms)[0m  [1m[34mSELECT "schema_migrations"."version" FROM "schema_migrations" ORDER BY "schema_migrations"."version" ASC[0m
  ↳ /Users/kyle/.rvm/rubies/ruby-2.6.0/lib/ruby/gems/2.6.0/gems/rake-12.3.2/lib/rake/task.rb:273
Migrating to CreateIdeas (20190304174827)
  [1m[35m (0.1ms)[0m  [1m[35mBEGIN[0m
  ↳ /Users/kyle/.rvm/rubies/ruby-2.6.0/lib/ruby/gems/2.6.0/gems/rake-12.3.2/lib/rake/task.rb:273
  [1m[35m (4.6ms)[0m  [1m[35mCREATE TABLE "ideas" ("id" bigserial primary key, "title" character varying, "description" text, "created_at" timestamp NOT NULL, "updated_at" timestamp NOT NULL)[0m
  ↳ db/migrate/20190304174827_create_ideas.rb:3
  [1m[36mActiveRecord::SchemaMigration Create (0.4ms)[0m  [1m[32mINSERT INTO "schema_migrations" ("version") VALUES ($1) RETURNING "version"[0m  [["version", "20190304174827"]]
  ↳ /Users/kyle/.rvm/rubies/ruby-2.6.0/lib/ruby/gems/2.6.0/gems/rake-12.3.2/lib/rake/task.rb:273
  [1m[35m (0.3ms)[0m  [1m[35mCOMMIT[0m
  ↳ /Users/kyle/.rvm/rubies/ruby-2.6.0/lib/ruby/gems/2.6.0/gems/rake-12.3.2/lib/rake/task.rb:273
  [1m[36mActiveRecord::InternalMetadata Load (0.3ms)[0m  [1m[34mSELECT  "ar_internal_metadata".* FROM "ar_internal_metadata" WHERE "ar_internal_metadata"."key" = $1 LIMIT $2[0m  [["key", "environment"], ["LIMIT", 1]]
  ↳ /Users/kyle/.rvm/rubies/ruby-2.6.0/lib/ruby/gems/2.6.0/gems/rake-12.3.2/lib/rake/task.rb:273
  [1m[35m (0.2ms)[0m  [1m[35mBEGIN[0m
  ↳ /Users/kyle/.rvm/rubies/ruby-2.6.0/lib/ruby/gems/2.6.0/gems/rake-12.3.2/lib/rake/task.rb:273
  [1m[36mActiveRecord::InternalMetadata Create (0.6ms)[0m  [1m[32mINSERT INTO "ar_internal_metadata" ("key", "value", "created_at", "updated_at") VALUES ($1, $2, $3, $4) RETURNING "key"[0m  [["key", "environment"], ["value", "development"], ["created_at", "2019-03-04 17:50:55.586866"], ["updated_at", "2019-03-04 17:50:55.586866"]]
  ↳ /Users/kyle/.rvm/rubies/ruby-2.6.0/lib/ruby/gems/2.6.0/gems/rake-12.3.2/lib/rake/task.rb:273
  [1m[35m (0.3ms)[0m  [1m[35mCOMMIT[0m
  ↳ /Users/kyle/.rvm/rubies/ruby-2.6.0/lib/ruby/gems/2.6.0/gems/rake-12.3.2/lib/rake/task.rb:273
  [1m[35m (0.2ms)[0m  [1m[34mSELECT pg_advisory_unlock(2066416156390533885)[0m
  ↳ /Users/kyle/.rvm/rubies/ruby-2.6.0/lib/ruby/gems/2.6.0/gems/rake-12.3.2/lib/rake/task.rb:273
  [1m[35m (0.3ms)[0m  [1m[34mSELECT "schema_migrations"."version" FROM "schema_migrations" ORDER BY "schema_migrations"."version" ASC[0m
  ↳ /Users/kyle/.rvm/rubies/ruby-2.6.0/lib/ruby/gems/2.6.0/gems/rake-12.3.2/lib/rake/task.rb:273
Started GET "/" for 127.0.0.1 at 2019-03-04 09:51:10 -0800
  [1m[35m (0.5ms)[0m  [1m[34mSELECT "schema_migrations"."version" FROM "schema_migrations" ORDER BY "schema_migrations"."version" ASC[0m
  ↳ /Users/kyle/.rvm/gems/ruby-2.6.0/gems/activerecord-5.2.2/lib/active_record/log_subscriber.rb:98
Processing by Rails::WelcomeController#index as HTML
  Rendering /Users/kyle/.rvm/gems/ruby-2.6.0/gems/railties-5.2.2/lib/rails/templates/rails/welcome/index.html.erb
  Rendered /Users/kyle/.rvm/gems/ruby-2.6.0/gems/railties-5.2.2/lib/rails/templates/rails/welcome/index.html.erb (2.2ms)
Completed 200 OK in 10ms (Views: 4.2ms | ActiveRecord: 0.0ms)


Started GET "/rails/info/routes" for 127.0.0.1 at 2019-03-04 09:51:22 -0800
Processing by Rails::InfoController#routes as HTML
  Rendering /Users/kyle/.rvm/gems/ruby-2.6.0/gems/railties-5.2.2/lib/rails/templates/rails/info/routes.html.erb within layouts/application
  Rendered collection of /Users/kyle/.rvm/gems/ruby-2.6.0/gems/actionpack-5.2.2/lib/action_dispatch/middleware/templates/routes/_route.html.erb [13 times] (5.9ms)
  Rendered /Users/kyle/.rvm/gems/ruby-2.6.0/gems/actionpack-5.2.2/lib/action_dispatch/middleware/templates/routes/_table.html.erb (7.3ms)
  Rendered /Users/kyle/.rvm/gems/ruby-2.6.0/gems/railties-5.2.2/lib/rails/templates/rails/info/routes.html.erb within layouts/application (16.1ms)
Completed 200 OK in 20ms (Views: 18.5ms | ActiveRecord: 0.0ms)


Started GET "/" for 127.0.0.1 at 2019-03-04 10:04:34 -0800
  [1m[35m (0.5ms)[0m  [1m[34mSELECT "schema_migrations"."version" FROM "schema_migrations" ORDER BY "schema_migrations"."version" ASC[0m
  ↳ /Users/kyle/.rvm/gems/ruby-2.6.0/gems/activerecord-5.2.2/lib/active_record/log_subscriber.rb:98
Processing by Rails::WelcomeController#index as HTML
  Rendering /Users/kyle/.rvm/gems/ruby-2.6.0/gems/railties-5.2.2/lib/rails/templates/rails/welcome/index.html.erb
  Rendered /Users/kyle/.rvm/gems/ruby-2.6.0/gems/railties-5.2.2/lib/rails/templates/rails/welcome/index.html.erb (2.3ms)
Completed 200 OK in 9ms (Views: 4.1ms | ActiveRecord: 0.0ms)


Started GET "/ideas/new" for 127.0.0.1 at 2019-03-04 10:04:40 -0800
Processing by IdeasController#new as HTML
  Rendering ideas/new.html.erb within layouts/application
  Rendered ideas/new.html.erb within layouts/application (0.3ms)
Completed 200 OK in 2235ms (Views: 2222.6ms | ActiveRecord: 3.8ms)


  [1m[35m (0.5ms)[0m  [1m[34mSELECT "schema_migrations"."version" FROM "schema_migrations" ORDER BY "schema_migrations"."version" ASC[0m
  ↳ /Users/kyle/.rvm/rubies/ruby-2.6.0/lib/ruby/gems/2.6.0/gems/rake-12.3.2/lib/rake/task.rb:273
  [1m[36mIdea Load (0.4ms)[0m  [1m[34mSELECT "ideas".* FROM "ideas"[0m
  ↳ db/seeds.rb:1
  [1m[35m (0.1ms)[0m  [1m[35mBEGIN[0m
  ↳ db/seeds.rb:6
  [1m[36mIdea Create (0.5ms)[0m  [1m[32mINSERT INTO "ideas" ("title", "description", "created_at", "updated_at") VALUES ($1, $2, $3, $4) RETURNING "id"[0m  [["title", "Not understanding that you're a horrible person doesn't make you less of a horrible person"], ["description", "Libero minima mollitia. Quo dolores magni. Temporibus aut eum."], ["created_at", "2018-05-01 00:00:00"], ["updated_at", "2018-05-01 00:00:00"]]
  ↳ db/seeds.rb:6
  [1m[35m (3.9ms)[0m  [1m[35mCOMMIT[0m
  ↳ db/seeds.rb:6
  [1m[35m (0.1ms)[0m  [1m[35mBEGIN[0m
  ↳ db/seeds.rb:6
  [1m[36mIdea Create (0.2ms)[0m  [1m[32mINSERT INTO "ideas" ("title", "description", "created_at", "updated_at") VALUES ($1, $2, $3, $4) RETURNING "id"[0m  [["title", "Dead on the inside, dead on the outside"], ["description", "Et minus recusandae. Eaque enim sint. Cupiditate dolores commodi."], ["created_at", "2017-05-01 00:00:00"], ["updated_at", "2017-05-01 00:00:00"]]
  ↳ db/seeds.rb:6
  [1m[35m (0.3ms)[0m  [1m[35mCOMMIT[0m
  ↳ db/seeds.rb:6
  [1m[35m (0.1ms)[0m  [1m[35mBEGIN[0m
  ↳ db/seeds.rb:6
  [1m[36mIdea Create (0.2ms)[0m  [1m[32mINSERT INTO "ideas" ("title", "description", "created_at", "updated_at") VALUES ($1, $2, $3, $4) RETURNING "id"[0m  [["title", "You know what the problem is with everybody? They all just want to hear what they already believe. No one ever wants to hear the truth"], ["description", "Inventore pariatur ut. Corrupti fugiat non. Voluptatem modi iste."], ["created_at", "2017-09-05 00:00:00"], ["updated_at", "2017-09-05 00:00:00"]]
  ↳ db/seeds.rb:6
  [1m[35m (0.2ms)[0m  [1m[35mCOMMIT[0m
  ↳ db/seeds.rb:6
  [1m[35m (0.1ms)[0m  [1m[35mBEGIN[0m
  ↳ db/seeds.rb:6
  [1m[36mIdea Create (0.2ms)[0m  [1m[32mINSERT INTO "ideas" ("title", "description", "created_at", "updated_at") VALUES ($1, $2, $3, $4) RETURNING "id"[0m  [["title", "I do love you, by the way. I mean as much as I'm capable of loving anyone"], ["description", "Minima ullam sed. Necessitatibus et nisi. Earum error molestiae."], ["created_at", "2018-04-14 00:00:00"], ["updated_at", "2018-04-14 00:00:00"]]
  ↳ db/seeds.rb:6
  [1m[35m (0.3ms)[0m  [1m[35mCOMMIT[0m
  ↳ db/seeds.rb:6
  [1m[35m (0.1ms)[0m  [1m[35mBEGIN[0m
  ↳ db/seeds.rb:6
  [1m[36mIdea Create (0.2ms)[0m  [1m[32mINSERT INTO "ideas" ("title", "description", "created_at", "updated_at") VALUES ($1, $2, $3, $4) RETURNING "id"[0m  [["title", "Beer before liquor, never sicker, liquor before beer, never fear, don't do heroin"], ["description", "Et quae quibusdam. Dolorum voluptatum voluptatibus. Et dolore libero."], ["created_at", "2017-04-15 00:00:00"], ["updated_at", "2017-04-15 00:00:00"]]
  ↳ db/seeds.rb:6
  [1m[35m (0.3ms)[0m  [1m[35mCOMMIT[0m
  ↳ db/seeds.rb:6
  [1m[35m (0.1ms)[0m  [1m[35mBEGIN[0m
  ↳ db/seeds.rb:6
  [1m[36mIdea Create (0.2ms)[0m  [1m[32mINSERT INTO "ideas" ("title", "description", "created_at", "updated_at") VALUES ($1, $2, $3, $4) RETURNING "id"[0m  [["title", "Beer before liquor, never sicker, liquor before beer, never fear, don't do heroin"], ["description", "Consequatur omnis quibusdam. Perferendis corrupti illum. Ut dolorem fuga."], ["created_at", "2017-03-13 00:00:00"], ["updated_at", "2017-03-13 00:00:00"]]
  ↳ db/seeds.rb:6
  [1m[35m (0.3ms)[0m  [1m[35mCOMMIT[0m
  ↳ db/seeds.rb:6
  [1m[35m (0.1ms)[0m  [1m[35mBEGIN[0m
  ↳ db/seeds.rb:6
  [1m[36mIdea Create (0.2ms)[0m  [1m[32mINSERT INTO "ideas" ("title", "description", "created_at", "updated_at") VALUES ($1, $2, $3, $4) RETURNING "id"[0m  [["title", "Dead on the inside, dead on the outside"], ["description", "Magnam eligendi saepe. Est impedit aut. Aut aspernatur enim."], ["created_at", "2018-10-05 00:00:00"], ["updated_at", "2018-10-05 00:00:00"]]
  ↳ db/seeds.rb:6
  [1m[35m (0.3ms)[0m  [1m[35mCOMMIT[0m
  ↳ db/seeds.rb:6
  [1m[35m (0.1ms)[0m  [1m[35mBEGIN[0m
  ↳ db/seeds.rb:6
  [1m[36mIdea Create (0.2ms)[0m  [1m[32mINSERT INTO "ideas" ("title", "description", "created_at", "updated_at") VALUES ($1, $2, $3, $4) RETURNING "id"[0m  [["title", "Dead on the inside, dead on the outside"], ["description", "Quae numquam dolorem. Fuga eum sunt. Quia blanditiis cumque."], ["created_at", "2017-06-25 00:00:00"], ["updated_at", "2017-06-25 00:00:00"]]
  ↳ db/seeds.rb:6
  [1m[35m (0.3ms)[0m  [1m[35mCOMMIT[0m
  ↳ db/seeds.rb:6
  [1m[35m (0.1ms)[0m  [1m[35mBEGIN[0m
  ↳ db/seeds.rb:6
  [1m[36mIdea Create (0.2ms)[0m  [1m[32mINSERT INTO "ideas" ("title", "description", "created_at", "updated_at") VALUES ($1, $2, $3, $4) RETURNING "id"[0m  [["title", "You know what the problem is with everybody? They all just want to hear what they already believe. No one ever wants to hear the truth"], ["description", "Sunt dolor qui. Quo sit quia. Voluptas ipsam commodi."], ["created_at", "2018-02-18 00:00:00"], ["updated_at", "2018-02-18 00:00:00"]]
  ↳ db/seeds.rb:6
  [1m[35m (0.3ms)[0m  [1m[35mCOMMIT[0m
  ↳ db/seeds.rb:6
  [1m[35m (0.1ms)[0m  [1m[35mBEGIN[0m
  ↳ db/seeds.rb:6
  [1m[36mIdea Create (0.2ms)[0m  [1m[32mINSERT INTO "ideas" ("title", "description", "created_at", "updated_at") VALUES ($1, $2, $3, $4) RETURNING "id"[0m  [["title", "For a lot of people, life is just one long, hard kick in the urethra"], ["description", "Delectus omnis laudantium. Vero eum omnis. Harum eius magnam."], ["created_at", "2017-11-19 00:00:00"], ["updated_at", "2017-11-19 00:00:00"]]
  ↳ db/seeds.rb:6
  [1m[35m (0.3ms)[0m  [1m[35mCOMMIT[0m
  ↳ db/seeds.rb:6
  [1m[35m (0.1ms)[0m  [1m[35mBEGIN[0m
  ↳ db/seeds.rb:6
  [1m[36mIdea Create (0.2ms)[0m  [1m[32mINSERT INTO "ideas" ("title", "description", "created_at", "updated_at") VALUES ($1, $2, $3, $4) RETURNING "id"[0m  [["title", "You know what the problem is with everybody? They all just want to hear what they already believe. No one ever wants to hear the truth"], ["description", "Aut est laudantium. Aspernatur eos vitae. Distinctio est laborum."], ["created_at", "2018-02-27 00:00:00"], ["updated_at", "2018-02-27 00:00:00"]]
  ↳ db/seeds.rb:6
  [1m[35m (0.3ms)[0m  [1m[35mCOMMIT[0m
  ↳ db/seeds.rb:6
  [1m[35m (0.1ms)[0m  [1m[35mBEGIN[0m
  ↳ db/seeds.rb:6
  [1m[36mIdea Create (0.2ms)[0m  [1m[32mINSERT INTO "ideas" ("title", "description", "created_at", "updated_at") VALUES ($1, $2, $3, $4) RETURNING "id"[0m  [["title", "If you care about what other people think, you're never gonna do anything"], ["description", "Sapiente veritatis est. Assumenda sint et. Natus est ea."], ["created_at", "2017-11-19 00:00:00"], ["updated_at", "2017-11-19 00:00:00"]]
  ↳ db/seeds.rb:6
  [1m[35m (0.2ms)[0m  [1m[35mCOMMIT[0m
  ↳ db/seeds.rb:6
  [1m[35m (0.1ms)[0m  [1m[35mBEGIN[0m
  ↳ db/seeds.rb:6
  [1m[36mIdea Create (0.2ms)[0m  [1m[32mINSERT INTO "ideas" ("title", "description", "created_at", "updated_at") VALUES ($1, $2, $3, $4) RETURNING "id"[0m  [["title", "You know what the problem is with everybody? They all just want to hear what they already believe. No one ever wants to hear the truth"], ["description", "Eos est necessitatibus. Laboriosam consequatur corrupti. Atque quam sint."], ["created_at", "2018-08-03 00:00:00"], ["updated_at", "2018-08-03 00:00:00"]]
  ↳ db/seeds.rb:6
  [1m[35m (0.3ms)[0m  [1m[35mCOMMIT[0m
  ↳ db/seeds.rb:6
  [1m[35m (0.1ms)[0m  [1m[35mBEGIN[0m
  ↳ db/seeds.rb:6
  [1m[36mIdea Create (0.2ms)[0m  [1m[32mINSERT INTO "ideas" ("title", "description", "created_at", "updated_at") VALUES ($1, $2, $3, $4) RETURNING "id"[0m  [["title", "That's the problem with life, either you know what you want and you don't get what you want, or you get what you want and then you don't know what you want"], ["description", "Eligendi ut tempora. Perspiciatis voluptatum deleniti. Explicabo ipsum omnis."], ["created_at", "2018-01-13 00:00:00"], ["updated_at", "2018-01-13 00:00:00"]]
  ↳ db/seeds.rb:6
  [1m[35m (0.3ms)[0m  [1m[35mCOMMIT[0m
  ↳ db/seeds.rb:6
  [1m[35m (0.1ms)[0m  [1m[35mBEGIN[0m
  ↳ db/seeds.rb:6
  [1m[36mIdea Create (0.2ms)[0m  [1m[32mINSERT INTO "ideas" ("title", "description", "created_at", "updated_at") VALUES ($1, $2, $3, $4) RETURNING "id"[0m  [["title", "Yes, I ate all the muffins, because I have no self-control and I hate myself"], ["description", "Accusamus sint a. Molestiae consequuntur sed. Aut labore aut."], ["created_at", "2017-11-17 00:00:00"], ["updated_at", "2017-11-17 00:00:00"]]
  ↳ db/seeds.rb:6
  [1m[35m (0.3ms)[0m  [1m[35mCOMMIT[0m
  ↳ db/seeds.rb:6
  [1m[35m (0.1ms)[0m  [1m[35mBEGIN[0m
  ↳ db/seeds.rb:6
  [1m[36mIdea Create (0.2ms)[0m  [1m[32mINSERT INTO "ideas" ("title", "description", "created_at", "updated_at") VALUES ($1, $2, $3, $4) RETURNING "id"[0m  [["title", "If you care about what other people think, you're never gonna do anything"], ["description", "Nam optio aut. Eaque nostrum vitae. Quisquam delectus officiis."], ["created_at", "2017-10-03 00:00:00"], ["updated_at", "2017-10-03 00:00:00"]]
  ↳ db/seeds.rb:6
  [1m[35m (0.3ms)[0m  [1m[35mCOMMIT[0m
  ↳ db/seeds.rb:6
  [1m[35m (0.1ms)[0m  [1m[35mBEGIN[0m
  ↳ db/seeds.rb:6
  [1m[36mIdea Create (0.2ms)[0m  [1m[32mINSERT INTO "ideas" ("title", "description", "created_at", "updated_at") VALUES ($1, $2, $3, $4) RETURNING "id"[0m  [["title", "Ow, crap. I hate this. Running is terrible. Everything is the worst"], ["description", "Id dolores ut. Magni architecto voluptatem. Dolores quo eum."], ["created_at", "2019-01-01 00:00:00"], ["updated_at", "2019-01-01 00:00:00"]]
  ↳ db/seeds.rb:6
  [1m[35m (0.3ms)[0m  [1m[35mCOMMIT[0m
  ↳ db/seeds.rb:6
  [1m[35m (0.1ms)[0m  [1m[35mBEGIN[0m
  ↳ db/seeds.rb:6
  [1m[35m (0.1ms)[0m  [1m[31mROLLBACK[0m
  ↳ db/seeds.rb:6
  [1m[35m (0.1ms)[0m  [1m[35mBEGIN[0m
  ↳ db/seeds.rb:6
  [1m[36mIdea Create (0.3ms)[0m  [1m[32mINSERT INTO "ideas" ("title", "description", "created_at", "updated_at") VALUES ($1, $2, $3, $4) RETURNING "id"[0m  [["title", "Spaghetti or not, here I come"], ["description", "Exercitationem deleniti nihil. Reiciendis quisquam possimus. Quos est quae."], ["created_at", "2018-05-18 00:00:00"], ["updated_at", "2018-05-18 00:00:00"]]
  ↳ db/seeds.rb:6
  [1m[35m (0.2ms)[0m  [1m[35mCOMMIT[0m
  ↳ db/seeds.rb:6
  [1m[35m (0.1ms)[0m  [1m[35mBEGIN[0m
  ↳ db/seeds.rb:6
  [1m[36mIdea Create (0.2ms)[0m  [1m[32mINSERT INTO "ideas" ("title", "description", "created_at", "updated_at") VALUES ($1, $2, $3, $4) RETURNING "id"[0m  [["title", "Spaghetti or not, here I come"], ["description", "Soluta sit non. Aut ipsum deleniti. Eligendi fugit rerum."], ["created_at", "2018-07-18 00:00:00"], ["updated_at", "2018-07-18 00:00:00"]]
  ↳ db/seeds.rb:6
  [1m[35m (0.2ms)[0m  [1m[35mCOMMIT[0m
  ↳ db/seeds.rb:6
  [1m[35m (0.1ms)[0m  [1m[35mBEGIN[0m
  ↳ db/seeds.rb:6
  [1m[36mIdea Create (0.2ms)[0m  [1m[32mINSERT INTO "ideas" ("title", "description", "created_at", "updated_at") VALUES ($1, $2, $3, $4) RETURNING "id"[0m  [["title", "Not understanding that you're a horrible person doesn't make you less of a horrible person"], ["description", "Aperiam deserunt repellendus. Et illum debitis. Est dignissimos similique."], ["created_at", "2018-03-10 00:00:00"], ["updated_at", "2018-03-10 00:00:00"]]
  ↳ db/seeds.rb:6
  [1m[35m (0.3ms)[0m  [1m[35mCOMMIT[0m
  ↳ db/seeds.rb:6
  [1m[35m (0.1ms)[0m  [1m[35mBEGIN[0m
  ↳ db/seeds.rb:6
  [1m[36mIdea Create (0.2ms)[0m  [1m[32mINSERT INTO "ideas" ("title", "description", "created_at", "updated_at") VALUES ($1, $2, $3, $4) RETURNING "id"[0m  [["title", "The universe is a cruel, uncaring void. The key to being happy isn't a search for meaning. It's to just keep yourself busy with unimportant nonsense, and eventually, you'll be dead"], ["description", "Tempora voluptas ipsam. Tempore reprehenderit qui. Nihil eaque alias."], ["created_at", "2019-01-10 00:00:00"], ["updated_at", "2019-01-10 00:00:00"]]
  ↳ db/seeds.rb:6
  [1m[35m (0.3ms)[0m  [1m[35mCOMMIT[0m
  ↳ db/seeds.rb:6
  [1m[35m (0.1ms)[0m  [1m[35mBEGIN[0m
  ↳ db/seeds.rb:6
  [1m[36mIdea Create (0.2ms)[0m  [1m[32mINSERT INTO "ideas" ("title", "description", "created_at", "updated_at") VALUES ($1, $2, $3, $4) RETURNING "id"[0m  [["title", "Ow, crap. I hate this. Running is terrible. Everything is the worst"], ["description", "Adipisci quisquam voluptatum. Quia mollitia qui. Sint voluptatem nihil."], ["created_at", "2017-11-11 00:00:00"], ["updated_at", "2017-11-11 00:00:00"]]
  ↳ db/seeds.rb:6
  [1m[35m (0.3ms)[0m  [1m[35mCOMMIT[0m
  ↳ db/seeds.rb:6
  [1m[35m (0.1ms)[0m  [1m[35mBEGIN[0m
  ↳ db/seeds.rb:6
  [1m[36mIdea Create (0.2ms)[0m  [1m[32mINSERT INTO "ideas" ("title", "description", "created_at", "updated_at") VALUES ($1, $2, $3, $4) RETURNING "id"[0m  [["title", "That's the problem with life, either you know what you want and you don't get what you want, or you get what you want and then you don't know what you want"], ["description", "Quo ut nisi. Aperiam odio esse. Quia tenetur voluptate."], ["created_at", "2017-05-07 00:00:00"], ["updated_at", "2017-05-07 00:00:00"]]
  ↳ db/seeds.rb:6
  [1m[35m (0.3ms)[0m  [1m[35mCOMMIT[0m
  ↳ db/seeds.rb:6
  [1m[35m (0.1ms)[0m  [1m[35mBEGIN[0m
  ↳ db/seeds.rb:6
  [1m[36mIdea Create (0.2ms)[0m  [1m[32mINSERT INTO "ideas" ("title", "description", "created_at", "updated_at") VALUES ($1, $2, $3, $4) RETURNING "id"[0m  [["title", "If you care about what other people think, you're never gonna do anything"], ["description", "Qui quaerat ea. Consequatur ullam ab. Alias nobis expedita."], ["created_at", "2017-12-03 00:00:00"], ["updated_at", "2017-12-03 00:00:00"]]
  ↳ db/seeds.rb:6
  [1m[35m (0.2ms)[0m  [1m[35mCOMMIT[0m
  ↳ db/seeds.rb:6
  [1m[35m (0.1ms)[0m  [1m[35mBEGIN[0m
  ↳ db/seeds.rb:6
  [1m[36mIdea Create (0.2ms)[0m  [1m[32mINSERT INTO "ideas" ("title", "description", "created_at", "updated_at") VALUES ($1, $2, $3, $4) RETURNING "id"[0m  [["title", "Ow, crap. I hate this. Running is terrible. Everything is the worst"], ["description", "Asperiores et doloribus. Rerum facere explicabo. Commodi inventore quis."], ["created_at", "2017-12-30 00:00:00"], ["updated_at", "2017-12-30 00:00:00"]]
  ↳ db/seeds.rb:6
  [1m[35m (0.4ms)[0m  [1m[35mCOMMIT[0m
  ↳ db/seeds.rb:6
  [1m[35m (0.1ms)[0m  [1m[35mBEGIN[0m
  ↳ db/seeds.rb:6
  [1m[36mIdea Create (0.2ms)[0m  [1m[32mINSERT INTO "ideas" ("title", "description", "created_at", "updated_at") VALUES ($1, $2, $3, $4) RETURNING "id"[0m  [["title", "Spaghetti or not, here I come"], ["description", "Quos est magni. Sit rerum pariatur. Voluptas consequatur non."], ["created_at", "2017-11-18 00:00:00"], ["updated_at", "2017-11-18 00:00:00"]]
  ↳ db/seeds.rb:6
  [1m[35m (0.2ms)[0m  [1m[35mCOMMIT[0m
  ↳ db/seeds.rb:6
  [1m[35m (0.1ms)[0m  [1m[35mBEGIN[0m
  ↳ db/seeds.rb:6
  [1m[36mIdea Create (0.2ms)[0m  [1m[32mINSERT INTO "ideas" ("title", "description", "created_at", "updated_at") VALUES ($1, $2, $3, $4) RETURNING "id"[0m  [["title", "Beer before liquor, never sicker, liquor before beer, never fear, don't do heroin"], ["description", "Voluptatem architecto itaque. Velit fugiat dolores. Ipsa unde adipisci."], ["created_at", "2018-08-19 00:00:00"], ["updated_at", "2018-08-19 00:00:00"]]
  ↳ db/seeds.rb:6
  [1m[35m (0.3ms)[0m  [1m[35mCOMMIT[0m
  ↳ db/seeds.rb:6
  [1m[35m (0.1ms)[0m  [1m[35mBEGIN[0m
  ↳ db/seeds.rb:6
  [1m[36mIdea Create (0.2ms)[0m  [1m[32mINSERT INTO "ideas" ("title", "description", "created_at", "updated_at") VALUES ($1, $2, $3, $4) RETURNING "id"[0m  [["title", "Beer before liquor, never sicker, liquor before beer, never fear, don't do heroin"], ["description", "Minus dolorem nulla. Amet quia id. Non culpa nisi."], ["created_at", "2017-05-04 00:00:00"], ["updated_at", "2017-05-04 00:00:00"]]
  ↳ db/seeds.rb:6
  [1m[35m (0.3ms)[0m  [1m[35mCOMMIT[0m
  ↳ db/seeds.rb:6
  [1m[35m (0.1ms)[0m  [1m[35mBEGIN[0m
  ↳ db/seeds.rb:6
  [1m[36mIdea Create (0.2ms)[0m  [1m[32mINSERT INTO "ideas" ("title", "description", "created_at", "updated_at") VALUES ($1, $2, $3, $4) RETURNING "id"[0m  [["title", "Dead on the inside, dead on the outside"], ["description", "Architecto qui doloribus. Earum quia quas. Alias qui voluptas."], ["created_at", "2019-02-05 00:00:00"], ["updated_at", "2019-02-05 00:00:00"]]
  ↳ db/seeds.rb:6
  [1m[35m (0.3ms)[0m  [1m[35mCOMMIT[0m
  ↳ db/seeds.rb:6
  [1m[35m (0.1ms)[0m  [1m[35mBEGIN[0m
  ↳ db/seeds.rb:6
  [1m[36mIdea Create (0.2ms)[0m  [1m[32mINSERT INTO "ideas" ("title", "description", "created_at", "updated_at") VALUES ($1, $2, $3, $4) RETURNING "id"[0m  [["title", "For a lot of people, life is just one long, hard kick in the urethra"], ["description", "Aut facere atque. Sed voluptas commodi. Assumenda at dolores."], ["created_at", "2019-01-11 00:00:00"], ["updated_at", "2019-01-11 00:00:00"]]
  ↳ db/seeds.rb:6
  [1m[35m (0.3ms)[0m  [1m[35mCOMMIT[0m
  ↳ db/seeds.rb:6
  [1m[35m (0.1ms)[0m  [1m[35mBEGIN[0m
  ↳ db/seeds.rb:6
  [1m[36mIdea Create (0.2ms)[0m  [1m[32mINSERT INTO "ideas" ("title", "description", "created_at", "updated_at") VALUES ($1, $2, $3, $4) RETURNING "id"[0m  [["title", "I need to go take a shower so I can't tell if I'm crying or not"], ["description", "Quis ratione eum. Et enim qui. Facilis tempora ipsum."], ["created_at", "2018-07-26 00:00:00"], ["updated_at", "2018-07-26 00:00:00"]]
  ↳ db/seeds.rb:6
  [1m[35m (0.3ms)[0m  [1m[35mCOMMIT[0m
  ↳ db/seeds.rb:6
  [1m[35m (0.1ms)[0m  [1m[35mBEGIN[0m
  ↳ db/seeds.rb:6
  [1m[36mIdea Create (0.2ms)[0m  [1m[32mINSERT INTO "ideas" ("title", "description", "created_at", "updated_at") VALUES ($1, $2, $3, $4) RETURNING "id"[0m  [["title", "Not understanding that you're a horrible person doesn't make you less of a horrible person"], ["description", "Quas laudantium atque. Et inventore non. Qui esse nisi."], ["created_at", "2017-11-26 00:00:00"], ["updated_at", "2017-11-26 00:00:00"]]
  ↳ db/seeds.rb:6
  [1m[35m (0.3ms)[0m  [1m[35mCOMMIT[0m
  ↳ db/seeds.rb:6
  [1m[35m (0.1ms)[0m  [1m[35mBEGIN[0m
  ↳ db/seeds.rb:6
  [1m[36mIdea Create (0.2ms)[0m  [1m[32mINSERT INTO "ideas" ("title", "description", "created_at", "updated_at") VALUES ($1, $2, $3, $4) RETURNING "id"[0m  [["title", "It gets easier. But you have to do it every day, that's the hard part. But it does get easier"], ["description", "Iste voluptates molestiae. Molestiae quo magnam. Exercitationem ab iure."], ["created_at", "2017-10-19 00:00:00"], ["updated_at", "2017-10-19 00:00:00"]]
  ↳ db/seeds.rb:6
  [1m[35m (0.3ms)[0m  [1m[35mCOMMIT[0m
  ↳ db/seeds.rb:6
  [1m[35m (0.1ms)[0m  [1m[35mBEGIN[0m
  ↳ db/seeds.rb:6
  [1m[36mIdea Create (0.2ms)[0m  [1m[32mINSERT INTO "ideas" ("title", "description", "created_at", "updated_at") VALUES ($1, $2, $3, $4) RETURNING "id"[0m  [["title", "I don't understand how people live. It's amazing to me that people wake up every morning and say: 'Yeah, another day, let's do it.' How do people do it? I don't know how"], ["description", "Officia et qui. Error veritatis fugiat. Sit repellat doloremque."], ["created_at", "2019-01-13 00:00:00"], ["updated_at", "2019-01-13 00:00:00"]]
  ↳ db/seeds.rb:6
  [1m[35m (0.2ms)[0m  [1m[35mCOMMIT[0m
  ↳ db/seeds.rb:6
  [1m[35m (0.1ms)[0m  [1m[35mBEGIN[0m
  ↳ db/seeds.rb:6
  [1m[36mIdea Create (0.2ms)[0m  [1m[32mINSERT INTO "ideas" ("title", "description", "created_at", "updated_at") VALUES ($1, $2, $3, $4) RETURNING "id"[0m  [["title", "That's the problem with life, either you know what you want and you don't get what you want, or you get what you want and then you don't know what you want"], ["description", "Et tempora optio. Debitis necessitatibus nemo. Voluptatibus perferendis fuga."], ["created_at", "2018-03-24 00:00:00"], ["updated_at", "2018-03-24 00:00:00"]]
  ↳ db/seeds.rb:6
  [1m[35m (0.3ms)[0m  [1m[35mCOMMIT[0m
  ↳ db/seeds.rb:6
  [1m[35m (0.1ms)[0m  [1m[35mBEGIN[0m
  ↳ db/seeds.rb:6
  [1m[36mIdea Create (0.2ms)[0m  [1m[32mINSERT INTO "ideas" ("title", "description", "created_at", "updated_at") VALUES ($1, $2, $3, $4) RETURNING "id"[0m  [["title", "For a lot of people, life is just one long, hard kick in the urethra"], ["description", "Beatae ut facilis. Quam commodi enim. Qui commodi ut."], ["created_at", "2017-10-21 00:00:00"], ["updated_at", "2017-10-21 00:00:00"]]
  ↳ db/seeds.rb:6
  [1m[35m (0.3ms)[0m  [1m[35mCOMMIT[0m
  ↳ db/seeds.rb:6
  [1m[35m (0.1ms)[0m  [1m[35mBEGIN[0m
  ↳ db/seeds.rb:6
  [1m[36mIdea Create (0.2ms)[0m  [1m[32mINSERT INTO "ideas" ("title", "description", "created_at", "updated_at") VALUES ($1, $2, $3, $4) RETURNING "id"[0m  [["title", "Not understanding that you're a horrible person doesn't make you less of a horrible person"], ["description", "Vitae ipsam iste. Nihil aliquid qui. Voluptatibus nobis ut."], ["created_at", "2018-04-19 00:00:00"], ["updated_at", "2018-04-19 00:00:00"]]
  ↳ db/seeds.rb:6
  [1m[35m (0.3ms)[0m  [1m[35mCOMMIT[0m
  ↳ db/seeds.rb:6
  [1m[35m (0.1ms)[0m  [1m[35mBEGIN[0m
  ↳ db/seeds.rb:6
  [1m[36mIdea Create (0.2ms)[0m  [1m[32mINSERT INTO "ideas" ("title", "description", "created_at", "updated_at") VALUES ($1, $2, $3, $4) RETURNING "id"[0m  [["title", "Ow, crap. I hate this. Running is terrible. Everything is the worst"], ["description", "Earum distinctio adipisci. Eaque voluptatem quia. Culpa sunt blanditiis."], ["created_at", "2017-03-12 00:00:00"], ["updated_at", "2017-03-12 00:00:00"]]
  ↳ db/seeds.rb:6
  [1m[35m (0.3ms)[0m  [1m[35mCOMMIT[0m
  ↳ db/seeds.rb:6
  [1m[35m (0.1ms)[0m  [1m[35mBEGIN[0m
  ↳ db/seeds.rb:6
  [1m[36mIdea Create (0.2ms)[0m  [1m[32mINSERT INTO "ideas" ("title", "description", "created_at", "updated_at") VALUES ($1, $2, $3, $4) RETURNING "id"[0m  [["title", "I do love you, by the way. I mean as much as I'm capable of loving anyone"], ["description", "Esse similique dolore. Quam quidem eos. Vero totam soluta."], ["created_at", "2018-09-29 00:00:00"], ["updated_at", "2018-09-29 00:00:00"]]
  ↳ db/seeds.rb:6
  [1m[35m (0.3ms)[0m  [1m[35mCOMMIT[0m
  ↳ db/seeds.rb:6
  [1m[35m (0.1ms)[0m  [1m[35mBEGIN[0m
  ↳ db/seeds.rb:6
  [1m[36mIdea Create (0.3ms)[0m  [1m[32mINSERT INTO "ideas" ("title", "description", "created_at", "updated_at") VALUES ($1, $2, $3, $4) RETURNING "id"[0m  [["title", "That's the problem with life, either you know what you want and you don't get what you want, or you get what you want and then you don't know what you want"], ["description", "Occaecati omnis illum. Et quisquam qui. Rerum qui labore."], ["created_at", "2018-06-12 00:00:00"], ["updated_at", "2018-06-12 00:00:00"]]
  ↳ db/seeds.rb:6
  [1m[35m (0.3ms)[0m  [1m[35mCOMMIT[0m
  ↳ db/seeds.rb:6
  [1m[35m (0.1ms)[0m  [1m[35mBEGIN[0m
  ↳ db/seeds.rb:6
  [1m[36mIdea Create (0.1ms)[0m  [1m[32mINSERT INTO "ideas" ("title", "description", "created_at", "updated_at") VALUES ($1, $2, $3, $4) RETURNING "id"[0m  [["title", "Not understanding that you're a horrible person doesn't make you less of a horrible person"], ["description", "Molestiae non nemo. Maxime sunt nostrum. Velit consequatur assumenda."], ["created_at", "2017-12-26 00:00:00"], ["updated_at", "2017-12-26 00:00:00"]]
  ↳ db/seeds.rb:6
  [1m[35m (0.2ms)[0m  [1m[35mCOMMIT[0m
  ↳ db/seeds.rb:6
  [1m[35m (0.1ms)[0m  [1m[35mBEGIN[0m
  ↳ db/seeds.rb:6
  [1m[36mIdea Create (0.1ms)[0m  [1m[32mINSERT INTO "ideas" ("title", "description", "created_at", "updated_at") VALUES ($1, $2, $3, $4) RETURNING "id"[0m  [["title", "I need to go take a shower so I can't tell if I'm crying or not"], ["description", "Vel deleniti adipisci. Sint doloribus recusandae. Ipsum veritatis minus."], ["created_at", "2018-03-15 00:00:00"], ["updated_at", "2018-03-15 00:00:00"]]
  ↳ db/seeds.rb:6
  [1m[35m (0.2ms)[0m  [1m[35mCOMMIT[0m
  ↳ db/seeds.rb:6
  [1m[35m (0.1ms)[0m  [1m[35mBEGIN[0m
  ↳ db/seeds.rb:6
  [1m[36mIdea Create (0.1ms)[0m  [1m[32mINSERT INTO "ideas" ("title", "description", "created_at", "updated_at") VALUES ($1, $2, $3, $4) RETURNING "id"[0m  [["title", "The universe is a cruel, uncaring void. The key to being happy isn't a search for meaning. It's to just keep yourself busy with unimportant nonsense, and eventually, you'll be dead"], ["description", "Repellat veniam ducimus. Consequatur et ducimus. Sit veritatis dolores."], ["created_at", "2017-06-26 00:00:00"], ["updated_at", "2017-06-26 00:00:00"]]
  ↳ db/seeds.rb:6
  [1m[35m (0.2ms)[0m  [1m[35mCOMMIT[0m
  ↳ db/seeds.rb:6
  [1m[35m (0.1ms)[0m  [1m[35mBEGIN[0m
  ↳ db/seeds.rb:6
  [1m[36mIdea Create (0.2ms)[0m  [1m[32mINSERT INTO "ideas" ("title", "description", "created_at", "updated_at") VALUES ($1, $2, $3, $4) RETURNING "id"[0m  [["title", "It gets easier. But you have to do it every day, that's the hard part. But it does get easier"], ["description", "Et illo inventore. Culpa et aliquid. Et perspiciatis quasi."], ["created_at", "2018-09-02 00:00:00"], ["updated_at", "2018-09-02 00:00:00"]]
  ↳ db/seeds.rb:6
  [1m[35m (0.2ms)[0m  [1m[35mCOMMIT[0m
  ↳ db/seeds.rb:6
  [1m[35m (0.1ms)[0m  [1m[35mBEGIN[0m
  ↳ db/seeds.rb:6
  [1m[35m (0.1ms)[0m  [1m[31mROLLBACK[0m
  ↳ db/seeds.rb:6
  [1m[35m (0.1ms)[0m  [1m[35mBEGIN[0m
  ↳ db/seeds.rb:6
  [1m[36mIdea Create (0.1ms)[0m  [1m[32mINSERT INTO "ideas" ("title", "description", "created_at", "updated_at") VALUES ($1, $2, $3, $4) RETURNING "id"[0m  [["title", "I do love you, by the way. I mean as much as I'm capable of loving anyone"], ["description", "Laborum est dolor. Autem et minus. Expedita blanditiis possimus."], ["created_at", "2017-03-20 00:00:00"], ["updated_at", "2017-03-20 00:00:00"]]
  ↳ db/seeds.rb:6
  [1m[35m (0.3ms)[0m  [1m[35mCOMMIT[0m
  ↳ db/seeds.rb:6
  [1m[35m (0.1ms)[0m  [1m[35mBEGIN[0m
  ↳ db/seeds.rb:6
  [1m[36mIdea Create (0.1ms)[0m  [1m[32mINSERT INTO "ideas" ("title", "description", "created_at", "updated_at") VALUES ($1, $2, $3, $4) RETURNING "id"[0m  [["title", "For a lot of people, life is just one long, hard kick in the urethra"], ["description", "Voluptas iusto consectetur. Facilis et amet. Alias commodi eveniet."], ["created_at", "2018-05-22 00:00:00"], ["updated_at", "2018-05-22 00:00:00"]]
  ↳ db/seeds.rb:6
  [1m[35m (0.2ms)[0m  [1m[35mCOMMIT[0m
  ↳ db/seeds.rb:6
  [1m[35m (0.1ms)[0m  [1m[35mBEGIN[0m
  ↳ db/seeds.rb:6
  [1m[36mIdea Create (0.1ms)[0m  [1m[32mINSERT INTO "ideas" ("title", "description", "created_at", "updated_at") VALUES ($1, $2, $3, $4) RETURNING "id"[0m  [["title", "It gets easier. But you have to do it every day, that's the hard part. But it does get easier"], ["description", "Et illo quaerat. Vel voluptates cupiditate. Qui vel dicta."], ["created_at", "2018-03-25 00:00:00"], ["updated_at", "2018-03-25 00:00:00"]]
  ↳ db/seeds.rb:6
  [1m[35m (0.2ms)[0m  [1m[35mCOMMIT[0m
  ↳ db/seeds.rb:6
  [1m[35m (0.1ms)[0m  [1m[35mBEGIN[0m
  ↳ db/seeds.rb:6
  [1m[36mIdea Create (0.1ms)[0m  [1m[32mINSERT INTO "ideas" ("title", "description", "created_at", "updated_at") VALUES ($1, $2, $3, $4) RETURNING "id"[0m  [["title", "I do love you, by the way. I mean as much as I'm capable of loving anyone"], ["description", "Nemo occaecati perferendis. Id modi ullam. Quia labore cumque."], ["created_at", "2017-05-08 00:00:00"], ["updated_at", "2017-05-08 00:00:00"]]
  ↳ db/seeds.rb:6
  [1m[35m (0.3ms)[0m  [1m[35mCOMMIT[0m
  ↳ db/seeds.rb:6
Started GET "/ideas/1" for 127.0.0.1 at 2019-03-04 10:34:29 -0800
Processing by IdeasController#show as HTML
  Parameters: {"id"=>"1"}
  Rendering ideas/show.html.erb within layouts/application
  Rendered ideas/show.html.erb within layouts/application (0.3ms)
Completed 200 OK in 20ms (Views: 18.8ms | ActiveRecord: 0.0ms)


Started GET "/ideas/1" for 127.0.0.1 at 2019-03-04 10:37:50 -0800
  
SyntaxError (/Users/kyle/CodeCore/quiz_2/cool_ideas/app/controllers/ideas_controller.rb:2: syntax error, unexpected [, expecting do or '{' or '('
...efore_action :find_idea, only [:show, :edit, :update, :destr...
...                              ^):
  
app/controllers/ideas_controller.rb:2: syntax error, unexpected [, expecting do or '{' or '('
Started GET "/ideas/1" for 127.0.0.1 at 2019-03-04 10:38:00 -0800
Processing by IdeasController#show as HTML
  Parameters: {"id"=>"1"}
  [1m[36mIdea Load (0.4ms)[0m  [1m[34mSELECT  "ideas".* FROM "ideas" WHERE "ideas"."id" = $1 LIMIT $2[0m  [["id", 1], ["LIMIT", 1]]
  ↳ app/controllers/ideas_controller.rb:27
  Rendering ideas/show.html.erb within layouts/application
  Rendered ideas/show.html.erb within layouts/application (0.2ms)
Completed 200 OK in 32ms (Views: 18.6ms | ActiveRecord: 5.5ms)


Started GET "/ideas" for 127.0.0.1 at 2019-03-04 10:41:56 -0800
  [1m[35m (0.6ms)[0m  [1m[34mSELECT "schema_migrations"."version" FROM "schema_migrations" ORDER BY "schema_migrations"."version" ASC[0m
  ↳ /Users/kyle/.rvm/gems/ruby-2.6.0/gems/activerecord-5.2.2/lib/active_record/log_subscriber.rb:98
Processing by IdeasController#index as HTML
  Rendering ideas/index.html.erb within layouts/application
  Rendered ideas/index.html.erb within layouts/application (0.5ms)
Completed 200 OK in 222ms (Views: 215.3ms | ActiveRecord: 0.0ms)


Started GET "/ideas/1/edit" for 127.0.0.1 at 2019-03-04 10:42:02 -0800
Processing by IdeasController#edit as HTML
  Parameters: {"id"=>"1"}
  [1m[36mIdea Load (0.5ms)[0m  [1m[34mSELECT  "ideas".* FROM "ideas" WHERE "ideas"."id" = $1 LIMIT $2[0m  [["id", 1], ["LIMIT", 1]]
  ↳ app/controllers/ideas_controller.rb:42
  Rendering ideas/edit.html.erb within layouts/application
  Rendered ideas/edit.html.erb within layouts/application (0.3ms)
Completed 200 OK in 32ms (Views: 19.3ms | ActiveRecord: 4.3ms)


